<?xml version="1.0" encoding="UTF-8"?>
<!-- Generated by org.testng.reporters.JUnitReportReporter -->
<testsuite name="com.course.cases.LoginTest" tests="2" time="0.998" ignored="0" failures="0" timestamp="16 五月 2019 12:41:56 GMT" skipped="0" hostname="asus-pc" errors="0">
  <testcase name="loginFalse" time="0.067" classname="com.course.cases.LoginTest"/>
  <testcase name="loginTrue" time="0.931" classname="com.course.cases.LoginTest"/>
</testsuite> <!-- com.course.cases.LoginTest -->
