<?xml version="1.0" encoding="UTF-8"?>
<!-- Generated by org.testng.reporters.JUnitReportReporter -->
<testsuite name="com.course.cases.GetUserInfoTest" tests="1" time="2.103" ignored="1" failures="0" timestamp="16 五月 2019 03:46:12 GMT" skipped="0" hostname="asus-pc" errors="0">
  <testcase name="getUserInfo" time="2.103" classname="com.course.cases.GetUserInfoTest"/>
  <testcase name="deleteUser" classname="com.course.cases.UpdateUserInfoTest">
    <skipped/>
  </testcase> <!-- deleteUser -->
</testsuite> <!-- com.course.cases.GetUserInfoTest -->
