<?xml version="1.0" encoding="UTF-8"?>
<!-- Generated by org.testng.reporters.JUnitReportReporter -->
<testsuite name="com.course.cases.LoginTest" tests="2" time="2.442" ignored="1" failures="0" timestamp="16 五月 2019 03:46:12 GMT" skipped="0" hostname="asus-pc" errors="0">
  <testcase name="loginTrue" time="2.322" classname="com.course.cases.LoginTest"/>
  <testcase name="loginFalse" time="0.120" classname="com.course.cases.LoginTest"/>
  <testcase name="deleteUser" classname="com.course.cases.UpdateUserInfoTest">
    <skipped/>
  </testcase> <!-- deleteUser -->
</testsuite> <!-- com.course.cases.LoginTest -->
