<?xml version="1.0" encoding="UTF-8"?>
<!-- Generated by org.testng.reporters.JUnitReportReporter -->
<testsuite name="com.course.cases.GetUserInfoTest" tests="1" time="2.076" ignored="0" failures="0" timestamp="16 五月 2019 12:41:56 GMT" skipped="0" hostname="asus-pc" errors="0">
  <testcase name="getUserInfo" time="2.076" classname="com.course.cases.GetUserInfoTest"/>
</testsuite> <!-- com.course.cases.GetUserInfoTest -->
